# JRE version: OpenJDK Runtime Environment Temurin-17.0.1+12 (17.0.1+12) (build 17.0.1+12)
# Java VM: OpenJDK 64-Bit Server VM Temurin-17.0.1+12 (17.0.1+12, mixed mode, emulated-client, tiered, compressed oops, compressed class ptrs, g1 gc, windows-amd64)
GC Precious Log:
 CPUs: 8 total, 8 available
 Memory: 6021M
 Large Page Support: Disabled
 NUMA Support: Disabled
 Compressed Oops: Enabled (32-bit)
 Heap Region Size: 1M
 Heap Min Capacity: 8M
 Heap Initial Capacity: 96M
 Heap Max Capacity: 1506M
 Pre-touch: Disabled
 Parallel Workers: 8
 Concurrent Workers: 2
 Concurrent Refinement Workers: 8
 Periodic GC: Disabled
Heap:
 garbage-first heap   total 95232K, used 29888K [0x00000000a1e00000, 0x0000000100000000)
  region size 1024K, 8 young (8192K), 3 survivors (3072K)
 Metaspace       used 67017K, committed 68160K, reserved 1114112K
  class space    used 9003K, committed 9408K, reserved 1048576K
GC Heap History (20 events):
Event: 10792.903 GC heap before
{Heap before GC invocations=148 (full 30):
 garbage-first heap   total 78848K, used 61960K [0x00000000a1e00000, 0x0000000100000000)
  region size 1024K, 41 young (41984K), 0 survivors (0K)
 Metaspace       used 67037K, committed 68224K, reserved 1114112K
  class space    used 9015K, committed 9408K, reserved 1048576K
}
Event: 10792.909 GC heap after
{Heap after GC invocations=149 (full 30):
 garbage-first heap   total 78848K, used 24335K [0x00000000a1e00000, 0x0000000100000000)
  region size 1024K, 4 young (4096K), 4 survivors (4096K)
 Metaspace       used 67037K, committed 68224K, reserved 1114112K
  class space    used 9015K, committed 9408K, reserved 1048576K
}
Event: 10793.093 GC heap before
{Heap before GC invocations=149 (full 30):
 garbage-first heap   total 78848K, used 60175K [0x00000000a1e00000, 0x0000000100000000)
  region size 1024K, 40 young (40960K), 4 survivors (4096K)
 Metaspace       used 67039K, committed 68224K, reserved 1114112K
  class space    used 9015K, committed 9408K, reserved 1048576K
}
Event: 10793.100 GC heap after
{Heap after GC invocations=150 (full 30):
 garbage-first heap   total 78848K, used 25073K [0x00000000a1e00000, 0x0000000100000000)
  region size 1024K, 1 young (1024K), 1 survivors (1024K)
 Metaspace       used 67039K, committed 68224K, reserved 1114112K
  class space    used 9015K, committed 9408K, reserved 1048576K
}
Event: 10793.467 GC heap before
{Heap before GC invocations=150 (full 30):
 garbage-first heap   total 78848K, used 61937K [0x00000000a1e00000, 0x0000000100000000)
  region size 1024K, 38 young (38912K), 1 survivors (1024K)
 Metaspace       used 67242K, committed 68224K, reserved 1114112K
  class space    used 9032K, committed 9408K, reserved 1048576K
}
Event: 10793.472 GC heap after
{Heap after GC invocations=151 (full 30):
 garbage-first heap   total 78848K, used 27989K [0x00000000a1e00000, 0x0000000100000000)
  region size 1024K, 4 young (4096K), 4 survivors (4096K)
 Metaspace       used 67242K, committed 68224K, reserved 1114112K
  class space    used 9032K, committed 9408K, reserved 1048576K
}
Event: 10905.996 GC heap before
{Heap before GC invocations=151 (full 30):
 garbage-first heap   total 78848K, used 40277K [0x00000000a1e00000, 0x0000000100000000)
  region size 1024K, 18 young (18432K), 4 survivors (4096K)
 Metaspace       used 67282K, committed 68224K, reserved 1114112K
  class space    used 9039K, committed 9408K, reserved 1048576K
}
Event: 10906.082 GC heap after
{Heap after GC invocations=152 (full 31):
 garbage-first heap   total 78848K, used 23489K [0x00000000a1e00000, 0x0000000100000000)
  region size 1024K, 0 young (0K), 0 survivors (0K)
 Metaspace       used 66909K, committed 68224K, reserved 1114112K
  class space    used 8982K, committed 9408K, reserved 1048576K
}
Event: 10906.636 GC heap before
{Heap before GC invocations=152 (full 31):
 garbage-first heap   total 78848K, used 60353K [0x00000000a1e00000, 0x0000000100000000)
  region size 1024K, 37 young (37888K), 0 survivors (0K)
 Metaspace       used 66978K, committed 68224K, reserved 1114112K
  class space    used 8994K, committed 9408K, reserved 1048576K
}
Event: 10906.640 GC heap after
{Heap after GC invocations=153 (full 31):
 garbage-first heap   total 78848K, used 25943K [0x00000000a1e00000, 0x0000000100000000)
  region size 1024K, 3 young (3072K), 3 survivors (3072K)
 Metaspace       used 66978K, committed 68224K, reserved 1114112K
  class space    used 8994K, committed 9408K, reserved 1048576K
}
Event: 10906.746 GC heap before
{Heap before GC invocations=153 (full 31):
 garbage-first heap   total 78848K, used 59735K [0x00000000a1e00000, 0x0000000100000000)
  region size 1024K, 37 young (37888K), 3 survivors (3072K)
 Metaspace       used 66978K, committed 68224K, reserved 1114112K
  class space    used 8994K, committed 9408K, reserved 1048576K
}
Event: 10906.749 GC heap after
{Heap after GC invocations=154 (full 31):
 garbage-first heap   total 78848K, used 25958K [0x00000000a1e00000, 0x0000000100000000)
  region size 1024K, 3 young (3072K), 3 survivors (3072K)
 Metaspace       used 66978K, committed 68224K, reserved 1114112K
  class space    used 8994K, committed 9408K, reserved 1048576K
}
Event: 10907.109 GC heap before
{Heap before GC invocations=154 (full 31):
 garbage-first heap   total 78848K, used 61798K [0x00000000a1e00000, 0x0000000100000000)
  region size 1024K, 38 young (38912K), 3 survivors (3072K)
 Metaspace       used 67183K, committed 68224K, reserved 1114112K
  class space    used 9010K, committed 9408K, reserved 1048576K
}
Event: 10907.115 GC heap after
{Heap after GC invocations=155 (full 31):
 garbage-first heap   total 78848K, used 27846K [0x00000000a1e00000, 0x0000000100000000)
  region size 1024K, 5 young (5120K), 5 survivors (5120K)
 Metaspace       used 67183K, committed 68224K, reserved 1114112K
  class space    used 9010K, committed 9408K, reserved 1048576K
}
Event: 10971.000 GC heap before
{Heap before GC invocations=155 (full 31):
 garbage-first heap   total 78848K, used 42182K [0x00000000a1e00000, 0x0000000100000000)
  region size 1024K, 20 young (20480K), 5 survivors (5120K)
 Metaspace       used 67201K, committed 68224K, reserved 1114112K
  class space    used 9013K, committed 9408K, reserved 1048576K
}
Event: 10971.089 GC heap after
{Heap after GC invocations=156 (full 32):
 garbage-first heap   total 78848K, used 23424K [0x00000000a1e00000, 0x0000000100000000)
  region size 1024K, 0 young (0K), 0 survivors (0K)
 Metaspace       used 66947K, committed 68160K, reserved 1114112K
  class space    used 8991K, committed 9408K, reserved 1048576K
}
Event: 10971.623 GC heap before
{Heap before GC invocations=156 (full 32):
 garbage-first heap   total 78848K, used 60288K [0x00000000a1e00000, 0x0000000100000000)
  region size 1024K, 37 young (37888K), 0 survivors (0K)
 Metaspace       used 67015K, committed 68160K, reserved 1114112K
  class space    used 9002K, committed 9408K, reserved 1048576K
}
Event: 10971.629 GC heap after
{Heap after GC invocations=157 (full 32):
 garbage-first heap   total 78848K, used 25840K [0x00000000a1e00000, 0x0000000100000000)
  region size 1024K, 3 young (3072K), 3 survivors (3072K)
 Metaspace       used 67015K, committed 68160K, reserved 1114112K
  class space    used 9002K, committed 9408K, reserved 1048576K
}
Event: 10971.735 GC heap before
{Heap before GC invocations=157 (full 32):
 garbage-first heap   total 78848K, used 59632K [0x00000000a1e00000, 0x0000000100000000)
  region size 1024K, 37 young (37888K), 3 survivors (3072K)
 Metaspace       used 67015K, committed 68160K, reserved 1114112K
  class space    used 9002K, committed 9408K, reserved 1048576K
}
Event: 10971.739 GC heap after
{Heap after GC invocations=158 (full 32):
 garbage-first heap   total 95232K, used 25792K [0x00000000a1e00000, 0x0000000100000000)
  region size 1024K, 3 young (3072K), 3 survivors (3072K)
 Metaspace       used 67015K, committed 68160K, reserved 1114112K
  class space    used 9002K, committed 9408K, reserved 1048576K
}

